<?xml version="1.0" encoding="utf-8"?><testsuites name="pytest tests"><testsuite name="pytest" errors="0" failures="0" skipped="0" tests="22" time="0.344" timestamp="2025-09-28T12:43:10.790750+05:30" hostname="Dilanka"><testcase classname="tests.functional.test_rocchio_algorithm.TestRocchioFeedbackClassification" name="test_classify_feedback_normal_ratings" time="0.007" /><testcase classname="tests.functional.test_rocchio_algorithm.TestRocchioFeedbackClassification" name="test_classify_feedback_all_positive" time="0.005" /><testcase classname="tests.functional.test_rocchio_algorithm.TestRocchioFeedbackClassification" name="test_classify_feedback_all_negative" time="0.005" /><testcase classname="tests.functional.test_rocchio_algorithm.TestRocchioFeedbackClassification" name="test_unknown_rating_handling" time="0.008" /><testcase classname="tests.functional.test_rocchio_algorithm.TestRocchioWeightCalculation" name="test_rating_weights_default" time="0.003" /><testcase classname="tests.functional.test_rocchio_algorithm.TestRocchioWeightCalculation" name="test_rating_weights_custom" time="0.005" /><testcase classname="tests.functional.test_rocchio_algorithm.TestRocchioWeightCalculation" name="test_missing_rating_default_weight" time="0.003" /><testcase classname="tests.functional.test_rocchio_algorithm.TestRocchioAlgorithmCore" name="test_rocchio_algorithm_balanced_feedback" time="0.006" /><testcase classname="tests.functional.test_rocchio_algorithm.TestRocchioAlgorithmCore" name="test_rocchio_algorithm_only_positive_feedback" time="0.004" /><testcase classname="tests.functional.test_rocchio_algorithm.TestRocchioAlgorithmCore" name="test_rocchio_algorithm_only_negative_feedback" time="0.004" /><testcase classname="tests.functional.test_rocchio_algorithm.TestRocchioAlgorithmCore" name="test_rocchio_algorithm_with_weights" time="0.003" /><testcase classname="tests.functional.test_rocchio_algorithm.TestRocchioAlgorithmCore" name="test_rocchio_algorithm_error_handling" time="0.006" /><testcase classname="tests.functional.test_rocchio_algorithm.TestRocchioParameterEffects" name="test_alpha_parameter_effect" time="0.006" /><testcase classname="tests.functional.test_rocchio_algorithm.TestRocchioParameterEffects" name="test_beta_parameter_effect" time="0.004" /><testcase classname="tests.functional.test_rocchio_algorithm.TestRocchioParameterEffects" name="test_gamma_parameter_effect" time="0.005" /><testcase classname="tests.functional.test_rocchio_algorithm.TestRocchioConvergenceBehavior" name="test_convergence_with_consistent_feedback" time="0.005" /><testcase classname="tests.functional.test_rocchio_algorithm.TestRocchioConvergenceBehavior" name="test_oscillation_with_conflicting_feedback" time="0.005" /><testcase classname="tests.functional.test_rocchio_algorithm.TestRocchioVectorMagnitudeTracking" name="test_calculate_vector_change_magnitude" time="0.004" /><testcase classname="tests.functional.test_rocchio_algorithm.TestRocchioVectorMagnitudeTracking" name="test_should_update_vector_threshold" time="0.003" /><testcase classname="tests.functional.test_rocchio_algorithm.TestRocchioVectorMagnitudeTracking" name="test_vector_change_magnitude_error_handling" time="0.005" /><testcase classname="tests.functional.test_rocchio_algorithm.TestRocchioFeedbackAggregation" name="test_aggregate_user_feedback_normal" time="0.008" /><testcase classname="tests.functional.test_rocchio_algorithm.TestRocchioFeedbackAggregation" name="test_aggregate_user_feedback_error_handling" time="0.008" /></testsuite></testsuites>