<?xml version="1.0" encoding="utf-8"?><testsuites name="pytest tests"><testsuite name="pytest" errors="0" failures="1" skipped="0" tests="21" time="256.421" timestamp="2025-09-28T12:43:11.592098+05:30" hostname="Dilanka"><testcase classname="tests.functional.test_video_reranking.TestVideoTextRepresentation" name="test_get_video_text_with_extractive_summary" time="10.320" /><testcase classname="tests.functional.test_video_reranking.TestVideoTextRepresentation" name="test_get_video_text_fallback_to_title_description" time="9.804" /><testcase classname="tests.functional.test_video_reranking.TestVideoTextRepresentation" name="test_get_video_text_final_fallback" time="9.264" /><testcase classname="tests.functional.test_video_reranking.TestStage1RerankerFiltering" name="test_stage1_normal_operation" time="9.894" /><testcase classname="tests.functional.test_video_reranking.TestStage1RerankerFiltering" name="test_stage1_with_extractive_summaries" time="9.751" /><testcase classname="tests.functional.test_video_reranking.TestStage1RerankerFiltering" name="test_stage1_error_handling" time="19.256" /><testcase classname="tests.functional.test_video_reranking.TestStage1RerankerFiltering" name="test_stage1_boundary_cases" time="10.592" /><testcase classname="tests.functional.test_video_reranking.TestStage2PairwiseAnalysis" name="test_stage2_normal_operation" time="9.739" /><testcase classname="tests.functional.test_video_reranking.TestStage2PairwiseAnalysis" name="test_stage2_aggregation_methods" time="9.701" /><testcase classname="tests.functional.test_video_reranking.TestStage2PairwiseAnalysis" name="test_stage2_missing_vectors_fallback" time="9.499" /><testcase classname="tests.functional.test_video_reranking.TestStage2PairwiseAnalysis" name="test_stage2_rating_weighting" time="9.517" /><testcase classname="tests.functional.test_video_reranking.TestTwoStageReranking" name="test_full_pipeline_normal_operation" time="9.789" /><testcase classname="tests.functional.test_video_reranking.TestTwoStageReranking" name="test_pipeline_with_no_user_history" time="9.536" /><testcase classname="tests.functional.test_video_reranking.TestTwoStageReranking" name="test_pipeline_with_no_candidates" time="9.875" /><testcase classname="tests.functional.test_video_reranking.TestTwoStageReranking" name="test_pipeline_fallback_when_models_unavailable" time="9.341" /><testcase classname="tests.functional.test_video_reranking.TestTwoStageReranking" name="test_pipeline_error_recovery" time="23.054"><failure message="AssertionError: Expected '_fallback_reranking' to have been called once. Called 0 times.">test_video_reranking.py:455: in test_pipeline_error_recovery
    mock_fallback.assert_called_once()
C:\Python312\Lib\unittest\mock.py:923: in assert_called_once
    raise AssertionError(msg)
E   AssertionError: Expected '_fallback_reranking' to have been called once. Called 0 times.</failure></testcase><testcase classname="tests.functional.test_video_reranking.TestRerankingBoundaryConditions" name="test_single_video_reranking" time="9.606" /><testcase classname="tests.functional.test_video_reranking.TestRerankingBoundaryConditions" name="test_maximum_videos_reranking" time="9.982" /><testcase classname="tests.functional.test_video_reranking.TestRerankingBoundaryConditions" name="test_diverse_rating_scenarios" time="10.305" /><testcase classname="tests.functional.test_video_reranking.TestRerankingPerformanceMetrics" name="test_diversity_vs_relevance_tradeoff" time="9.604" /><testcase classname="tests.functional.test_video_reranking.TestRerankingPerformanceMetrics" name="test_ranking_consistency" time="11.710" /></testsuite></testsuites>